2023-07-09 11:51:02,235 p=77329 u=root n=ansible | [WARNING]:  * Failed to parse /root/ansible-aws/provision-stack/inventory-vpro with yaml plugin: YAML inventory has invalid structure, it should be a dictionary, got: <class
'ansible.parsing.yaml.objects.AnsibleUnicode'>

2023-07-09 11:51:02,236 p=77329 u=root n=ansible | [WARNING]:  * Failed to parse /root/ansible-aws/provision-stack/inventory-vpro with ini plugin: /root/ansible-aws/provision-stack/inventory-vpro:2: Expected key=value host variable assignment,
got: app01

2023-07-09 11:51:02,236 p=77329 u=root n=ansible | [WARNING]: Unable to parse /root/ansible-aws/provision-stack/inventory-vpro as an inventory source

2023-07-09 11:51:02,236 p=77329 u=root n=ansible | [WARNING]: No inventory was parsed, only implicit localhost is available

2023-07-09 11:51:02,237 p=77329 u=root n=ansible | [WARNING]: provided hosts list is empty, only localhost is available. Note that the implicit localhost does not match 'all'

2023-07-09 11:51:02,427 p=77329 u=root n=ansible | ERROR! Syntax Error while loading YAML.
  did not find expected key

The error appears to be in '/root/ansible-aws/provision-stack/build.yml': line 25, column 7, but may
be elsewhere in the file depending on the exact syntax problem.

The offending line appears to be:

     command: "mvn install"
      args:
      ^ here

2023-07-09 11:52:11,127 p=77338 u=root n=ansible | [WARNING]:  * Failed to parse /root/ansible-aws/provision-stack/inventory-vpro with yaml plugin: YAML inventory has invalid structure, it should be a dictionary, got: <class
'ansible.parsing.yaml.objects.AnsibleUnicode'>

2023-07-09 11:52:11,128 p=77338 u=root n=ansible | [WARNING]:  * Failed to parse /root/ansible-aws/provision-stack/inventory-vpro with ini plugin: /root/ansible-aws/provision-stack/inventory-vpro:2: Expected key=value host variable assignment,
got: app01

2023-07-09 11:52:11,128 p=77338 u=root n=ansible | [WARNING]: Unable to parse /root/ansible-aws/provision-stack/inventory-vpro as an inventory source

2023-07-09 11:52:11,129 p=77338 u=root n=ansible | [WARNING]: No inventory was parsed, only implicit localhost is available

2023-07-09 11:52:11,129 p=77338 u=root n=ansible | [WARNING]: provided hosts list is empty, only localhost is available. Note that the implicit localhost does not match 'all'

2023-07-09 11:52:11,314 p=77338 u=root n=ansible | ERROR! Syntax Error while loading YAML.
  did not find expected key

The error appears to be in '/root/ansible-aws/provision-stack/build.yml': line 25, column 7, but may
be elsewhere in the file depending on the exact syntax problem.

The offending line appears to be:

     command: "mvn clean install"
      args:
      ^ here

2023-07-09 11:53:08,184 p=77344 u=root n=ansible | [WARNING]:  * Failed to parse /root/ansible-aws/provision-stack/inventory-vpro with yaml plugin: YAML inventory has invalid structure, it should be a dictionary, got: <class
'ansible.parsing.yaml.objects.AnsibleUnicode'>

2023-07-09 11:53:08,185 p=77344 u=root n=ansible | [WARNING]:  * Failed to parse /root/ansible-aws/provision-stack/inventory-vpro with ini plugin: /root/ansible-aws/provision-stack/inventory-vpro:2: Expected key=value host variable assignment,
got: app01

2023-07-09 11:53:08,185 p=77344 u=root n=ansible | [WARNING]: Unable to parse /root/ansible-aws/provision-stack/inventory-vpro as an inventory source

2023-07-09 11:53:08,185 p=77344 u=root n=ansible | [WARNING]: No inventory was parsed, only implicit localhost is available

2023-07-09 11:53:08,186 p=77344 u=root n=ansible | [WARNING]: provided hosts list is empty, only localhost is available. Note that the implicit localhost does not match 'all'

2023-07-09 11:53:08,373 p=77344 u=root n=ansible | ERROR! Syntax Error while loading YAML.
  did not find expected key

The error appears to be in '/root/ansible-aws/provision-stack/build.yml': line 27, column 7, but may
be elsewhere in the file depending on the exact syntax problem.

The offending line appears to be:

       chdir: Vprofile-repo
      when: git_status.changed
      ^ here

2023-07-09 11:54:16,512 p=77349 u=root n=ansible | [WARNING]:  * Failed to parse /root/ansible-aws/provision-stack/inventory-vpro with yaml plugin: YAML inventory has invalid structure, it should be a dictionary, got: <class
'ansible.parsing.yaml.objects.AnsibleUnicode'>

2023-07-09 11:54:16,515 p=77349 u=root n=ansible | [WARNING]:  * Failed to parse /root/ansible-aws/provision-stack/inventory-vpro with ini plugin: /root/ansible-aws/provision-stack/inventory-vpro:2: Expected key=value host variable assignment,
got: app01

2023-07-09 11:54:16,515 p=77349 u=root n=ansible | [WARNING]: Unable to parse /root/ansible-aws/provision-stack/inventory-vpro as an inventory source

2023-07-09 11:54:16,515 p=77349 u=root n=ansible | [WARNING]: No inventory was parsed, only implicit localhost is available

2023-07-09 11:54:16,516 p=77349 u=root n=ansible | [WARNING]: provided hosts list is empty, only localhost is available. Note that the implicit localhost does not match 'all'

2023-07-09 11:54:16,901 p=77349 u=root n=ansible | PLAY [Generate artifact, copy artifact & sql file to files directory] ****************************************************************************************************************************
2023-07-09 11:54:16,921 p=77349 u=root n=ansible | TASK [Gathering Facts] ***************************************************************************************************************************************************************************
2023-07-09 11:54:18,375 p=77349 u=root n=ansible | ok: [localhost]
2023-07-09 11:54:18,385 p=77349 u=root n=ansible | TASK [install jdk,mvn,git] ***********************************************************************************************************************************************************************
2023-07-09 11:54:25,636 p=77349 u=root n=ansible | ok: [localhost] => (item=git)
2023-07-09 11:55:11,623 p=77349 u=root n=ansible | changed: [localhost] => (item=openjdk-11-jdk)
2023-07-09 11:55:21,242 p=77349 u=root n=ansible | changed: [localhost] => (item=maven)
2023-07-09 11:55:21,261 p=77349 u=root n=ansible | TASK [Clone sourcecode from github] **************************************************************************************************************************************************************
2023-07-09 11:55:23,750 p=77349 u=root n=ansible | changed: [localhost]
2023-07-09 11:55:23,760 p=77349 u=root n=ansible | TASK [mvn install command to build artifact] *****************************************************************************************************************************************************
2023-07-09 11:56:08,888 p=77349 u=root n=ansible | changed: [localhost]
2023-07-09 11:56:08,910 p=77349 u=root n=ansible | TASK [Copy artifact to files directory] **********************************************************************************************************************************************************
2023-07-09 11:56:10,434 p=77349 u=root n=ansible | failed: [localhost] (item=/root/ansible-aws/provision-stack/Vprofile-repo/target/vprofile-v2.war) => {"ansible_loop_var": "item", "changed": false, "checksum": "1c3bb4b56042f0ffa64b8141853a42a1b28f38b7", "item": "/root/ansible-aws/provision-stack/Vprofile-repo/target/vprofile-v2.war", "msg": "Destination directory files does not exist"}
2023-07-09 11:56:10,441 p=77349 u=root n=ansible | PLAY RECAP ***************************************************************************************************************************************************************************************
2023-07-09 11:56:10,442 p=77349 u=root n=ansible | localhost                  : ok=4    changed=3    unreachable=0    failed=1    skipped=0    rescued=0    ignored=0   
2023-07-09 18:33:41,842 p=84075 u=root n=ansible | [WARNING]:  * Failed to parse /root/ansible-aws/provision-stack/inventory-vpro with yaml plugin: YAML inventory has invalid structure, it should be a dictionary, got: <class
'ansible.parsing.yaml.objects.AnsibleUnicode'>

2023-07-09 18:33:41,843 p=84075 u=root n=ansible | [WARNING]:  * Failed to parse /root/ansible-aws/provision-stack/inventory-vpro with ini plugin: /root/ansible-aws/provision-stack/inventory-vpro:2: Expected key=value host variable assignment,
got: app01

2023-07-09 18:33:41,843 p=84075 u=root n=ansible | [WARNING]: Unable to parse /root/ansible-aws/provision-stack/inventory-vpro as an inventory source

2023-07-09 18:33:41,843 p=84075 u=root n=ansible | [WARNING]: No inventory was parsed, only implicit localhost is available

2023-07-09 18:33:41,844 p=84075 u=root n=ansible | [WARNING]: provided hosts list is empty, only localhost is available. Note that the implicit localhost does not match 'all'

2023-07-09 18:33:42,747 p=84075 u=root n=ansible | PLAY [Generate artifact, copy artifact & sql file to files directory] ****************************************************************************************************************************
2023-07-09 18:33:42,787 p=84075 u=root n=ansible | TASK [Gathering Facts] ***************************************************************************************************************************************************************************
2023-07-09 18:33:44,132 p=84075 u=root n=ansible | ok: [localhost]
2023-07-09 18:33:44,140 p=84075 u=root n=ansible | TASK [install jdk,mvn,git] ***********************************************************************************************************************************************************************
2023-07-09 18:33:52,827 p=84075 u=root n=ansible | ok: [localhost] => (item=git)
2023-07-09 18:33:55,693 p=84075 u=root n=ansible | ok: [localhost] => (item=openjdk-11-jdk)
2023-07-09 18:33:58,283 p=84075 u=root n=ansible | ok: [localhost] => (item=maven)
2023-07-09 18:33:58,294 p=84075 u=root n=ansible | TASK [Clone sourcecode from github] **************************************************************************************************************************************************************
2023-07-09 18:33:59,415 p=84075 u=root n=ansible | ok: [localhost]
2023-07-09 18:33:59,438 p=84075 u=root n=ansible | TASK [mvn install command to build artifact] *****************************************************************************************************************************************************
2023-07-09 18:33:59,493 p=84075 u=root n=ansible | skipping: [localhost]
2023-07-09 18:33:59,506 p=84075 u=root n=ansible | TASK [Copy artifact to files directory] **********************************************************************************************************************************************************
2023-07-09 18:34:00,799 p=84075 u=root n=ansible | failed: [localhost] (item=/root/ansible-aws/provision-stack/Vprofile-repo/target/vprofile-v2.war) => {"ansible_loop_var": "item", "changed": false, "checksum": "1c3bb4b56042f0ffa64b8141853a42a1b28f38b7", "item": "/root/ansible-aws/provision-stack/Vprofile-repo/target/vprofile-v2.war", "msg": "Destination directory files does not exist"}
2023-07-09 18:34:00,804 p=84075 u=root n=ansible | PLAY RECAP ***************************************************************************************************************************************************************************************
2023-07-09 18:34:00,805 p=84075 u=root n=ansible | localhost                  : ok=3    changed=0    unreachable=0    failed=1    skipped=1    rescued=0    ignored=0   
2023-07-09 18:44:41,728 p=85485 u=root n=ansible | [WARNING]:  * Failed to parse /root/ansible-aws/provision-stack/inventory-vpro with yaml plugin: YAML inventory has invalid structure, it should be a dictionary, got: <class
'ansible.parsing.yaml.objects.AnsibleUnicode'>

2023-07-09 18:44:41,729 p=85485 u=root n=ansible | [WARNING]:  * Failed to parse /root/ansible-aws/provision-stack/inventory-vpro with ini plugin: /root/ansible-aws/provision-stack/inventory-vpro:2: Expected key=value host variable assignment,
got: app01

2023-07-09 18:44:41,729 p=85485 u=root n=ansible | [WARNING]: Unable to parse /root/ansible-aws/provision-stack/inventory-vpro as an inventory source

2023-07-09 18:44:41,729 p=85485 u=root n=ansible | [WARNING]: No inventory was parsed, only implicit localhost is available

2023-07-09 18:44:41,730 p=85485 u=root n=ansible | [WARNING]: provided hosts list is empty, only localhost is available. Note that the implicit localhost does not match 'all'

2023-07-09 18:44:42,269 p=85485 u=root n=ansible | PLAY [Generate artifact, copy artifact & sql file to files directory] ****************************************************************************************************************************
2023-07-09 18:44:42,304 p=85485 u=root n=ansible | TASK [Gathering Facts] ***************************************************************************************************************************************************************************
2023-07-09 18:44:43,555 p=85485 u=root n=ansible | ok: [localhost]
2023-07-09 18:44:43,566 p=85485 u=root n=ansible | TASK [install jdk,mvn,git] ***********************************************************************************************************************************************************************
2023-07-09 18:44:46,565 p=85485 u=root n=ansible | ok: [localhost] => (item=git)
2023-07-09 18:44:49,142 p=85485 u=root n=ansible | ok: [localhost] => (item=openjdk-11-jdk)
2023-07-09 18:44:51,733 p=85485 u=root n=ansible | ok: [localhost] => (item=maven)
2023-07-09 18:44:51,744 p=85485 u=root n=ansible | TASK [Clone sourcecode from github] **************************************************************************************************************************************************************
2023-07-09 18:44:52,382 p=85485 u=root n=ansible | ok: [localhost]
2023-07-09 18:44:52,392 p=85485 u=root n=ansible | TASK [mvn install command to build artifact] *****************************************************************************************************************************************************
2023-07-09 18:44:52,449 p=85485 u=root n=ansible | skipping: [localhost]
2023-07-09 18:44:52,460 p=85485 u=root n=ansible | TASK [Copy artifact to files directory] **********************************************************************************************************************************************************
2023-07-09 18:44:53,500 p=85485 u=root n=ansible | changed: [localhost] => (item=/root/ansible-aws/provision-stack/Vprofile-repo/target/vprofile-v2.war)
2023-07-09 18:44:53,510 p=85485 u=root n=ansible | TASK [Copy SQL file to files directory] **********************************************************************************************************************************************************
2023-07-09 18:44:53,559 p=85485 u=root n=ansible | An exception occurred during task execution. To see the full traceback, use -vvv. The error was: If you are using a module and expect the file to exist on the remote, see the remote_src option
2023-07-09 18:44:53,560 p=85485 u=root n=ansible | fatal: [localhost]: FAILED! => {"changed": false, "msg": "Could not find or access 'Vprofile-repo/src/main/resources/db_backup,sql'\nSearched in:\n\t/root/ansible-aws/provision-stack/files/Vprofile-repo/src/main/resources/db_backup,sql\n\t/root/ansible-aws/provision-stack/Vprofile-repo/src/main/resources/db_backup,sql\n\t/root/ansible-aws/provision-stack/files/Vprofile-repo/src/main/resources/db_backup,sql\n\t/root/ansible-aws/provision-stack/Vprofile-repo/src/main/resources/db_backup,sql on the Ansible Controller.\nIf you are using a module and expect the file to exist on the remote, see the remote_src option"}
2023-07-09 18:44:53,562 p=85485 u=root n=ansible | PLAY RECAP ***************************************************************************************************************************************************************************************
2023-07-09 18:44:53,563 p=85485 u=root n=ansible | localhost                  : ok=4    changed=1    unreachable=0    failed=1    skipped=1    rescued=0    ignored=0   
2023-07-09 18:54:31,473 p=86878 u=root n=ansible | [WARNING]:  * Failed to parse /root/ansible-aws/provision-stack/inventory-vpro with yaml plugin: YAML inventory has invalid structure, it should be a dictionary, got: <class
'ansible.parsing.yaml.objects.AnsibleUnicode'>

2023-07-09 18:54:31,473 p=86878 u=root n=ansible | [WARNING]:  * Failed to parse /root/ansible-aws/provision-stack/inventory-vpro with ini plugin: /root/ansible-aws/provision-stack/inventory-vpro:2: Expected key=value host variable assignment,
got: app01

2023-07-09 18:54:31,474 p=86878 u=root n=ansible | [WARNING]: Unable to parse /root/ansible-aws/provision-stack/inventory-vpro as an inventory source

2023-07-09 18:54:31,474 p=86878 u=root n=ansible | [WARNING]: No inventory was parsed, only implicit localhost is available

2023-07-09 18:54:31,474 p=86878 u=root n=ansible | [WARNING]: provided hosts list is empty, only localhost is available. Note that the implicit localhost does not match 'all'

2023-07-09 18:54:31,796 p=86878 u=root n=ansible | PLAY [Generate artifact, copy artifact & sql file to files directory] ****************************************************************************************************************************
2023-07-09 18:54:31,810 p=86878 u=root n=ansible | TASK [Gathering Facts] ***************************************************************************************************************************************************************************
2023-07-09 18:54:32,943 p=86878 u=root n=ansible | ok: [localhost]
2023-07-09 18:54:32,954 p=86878 u=root n=ansible | TASK [install jdk,mvn,git] ***********************************************************************************************************************************************************************
2023-07-09 18:54:35,803 p=86878 u=root n=ansible | ok: [localhost] => (item=git)
2023-07-09 18:54:38,377 p=86878 u=root n=ansible | ok: [localhost] => (item=openjdk-11-jdk)
2023-07-09 18:54:40,980 p=86878 u=root n=ansible | ok: [localhost] => (item=maven)
2023-07-09 18:54:40,991 p=86878 u=root n=ansible | TASK [Clone sourcecode from github] **************************************************************************************************************************************************************
2023-07-09 18:54:41,630 p=86878 u=root n=ansible | ok: [localhost]
2023-07-09 18:54:41,640 p=86878 u=root n=ansible | TASK [mvn install command to build artifact] *****************************************************************************************************************************************************
2023-07-09 18:54:41,696 p=86878 u=root n=ansible | skipping: [localhost]
2023-07-09 18:54:41,707 p=86878 u=root n=ansible | TASK [Copy artifact to files directory] **********************************************************************************************************************************************************
2023-07-09 18:54:42,609 p=86878 u=root n=ansible | ok: [localhost] => (item=/root/ansible-aws/provision-stack/Vprofile-repo/target/vprofile-v2.war)
2023-07-09 18:54:42,618 p=86878 u=root n=ansible | TASK [Copy SQL file to files directory] **********************************************************************************************************************************************************
2023-07-09 18:54:43,183 p=86878 u=root n=ansible | changed: [localhost]
2023-07-09 18:54:43,187 p=86878 u=root n=ansible | PLAY RECAP ***************************************************************************************************************************************************************************************
2023-07-09 18:54:43,187 p=86878 u=root n=ansible | localhost                  : ok=5    changed=1    unreachable=0    failed=0    skipped=1    rescued=0    ignored=0   
2023-07-09 19:11:16,165 p=88389 u=root n=ansible | [WARNING]:  * Failed to parse /root/ansible-aws/provision-stack/inventory-vpro with yaml plugin: YAML inventory has invalid structure, it should be a dictionary, got: <class
'ansible.parsing.yaml.objects.AnsibleUnicode'>

2023-07-09 19:11:16,165 p=88389 u=root n=ansible | [WARNING]:  * Failed to parse /root/ansible-aws/provision-stack/inventory-vpro with ini plugin: /root/ansible-aws/provision-stack/inventory-vpro:2: Expected key=value host variable assignment,
got: app01

2023-07-09 19:11:16,166 p=88389 u=root n=ansible | [WARNING]: Unable to parse /root/ansible-aws/provision-stack/inventory-vpro as an inventory source

2023-07-09 19:11:16,166 p=88389 u=root n=ansible | [WARNING]: No inventory was parsed, only implicit localhost is available

2023-07-09 19:11:16,167 p=88389 u=root n=ansible | [WARNING]: provided hosts list is empty, only localhost is available. Note that the implicit localhost does not match 'all'

2023-07-09 19:11:16,358 p=88389 u=root n=ansible | ERROR! Syntax Error while loading YAML.
  did not find expected key

The error appears to be in '/root/ansible-aws/provision-stack/set_host_ip_map.yml': line 11, column 24, but may
be elsewhere in the file depending on the exact syntax problem.

The offending line appears to be:

        block:
          {{web01_ip}} web01
                       ^ here
We could be wrong, but this one looks like it might be an issue with
missing quotes. Always quote template expression brackets when they
start a value. For instance:

    with_items:
      - {{ foo }}

Should be written as:

    with_items:
      - "{{ foo }}"

2023-07-09 19:15:22,040 p=88434 u=root n=ansible | [WARNING]:  * Failed to parse /root/ansible-aws/provision-stack/inventory-vpro with yaml plugin: YAML inventory has invalid structure, it should be a dictionary, got: <class
'ansible.parsing.yaml.objects.AnsibleUnicode'>

2023-07-09 19:15:22,041 p=88434 u=root n=ansible | [WARNING]:  * Failed to parse /root/ansible-aws/provision-stack/inventory-vpro with ini plugin: /root/ansible-aws/provision-stack/inventory-vpro:2: Expected key=value host variable assignment,
got: app01

2023-07-09 19:15:22,041 p=88434 u=root n=ansible | [WARNING]: Unable to parse /root/ansible-aws/provision-stack/inventory-vpro as an inventory source

2023-07-09 19:15:22,042 p=88434 u=root n=ansible | [WARNING]: No inventory was parsed, only implicit localhost is available

2023-07-09 19:15:22,042 p=88434 u=root n=ansible | [WARNING]: provided hosts list is empty, only localhost is available. Note that the implicit localhost does not match 'all'

2023-07-09 19:15:22,294 p=88434 u=root n=ansible | PLAY [Set host ip mapping in /etc/hosts file of all the instances in the stack] ******************************************************************************************************************
2023-07-09 19:15:22,294 p=88434 u=root n=ansible | skipping: no hosts matched
2023-07-09 19:15:22,294 p=88434 u=root n=ansible | PLAY RECAP ***************************************************************************************************************************************************************************************
2023-07-09 19:16:10,476 p=88449 u=root n=ansible | [WARNING]:  * Failed to parse /root/ansible-aws/provision-stack/inventory-vpro with yaml plugin: YAML inventory has invalid structure, it should be a dictionary, got: <class
'ansible.parsing.yaml.objects.AnsibleUnicode'>

2023-07-09 19:16:10,476 p=88449 u=root n=ansible | [WARNING]:  * Failed to parse /root/ansible-aws/provision-stack/inventory-vpro with ini plugin: /root/ansible-aws/provision-stack/inventory-vpro:2: Expected key=value host variable assignment,
got: app01

2023-07-09 19:16:10,477 p=88449 u=root n=ansible | [WARNING]: Unable to parse /root/ansible-aws/provision-stack/inventory-vpro as an inventory source

2023-07-09 19:16:10,477 p=88449 u=root n=ansible | [WARNING]: No inventory was parsed, only implicit localhost is available

2023-07-09 19:16:10,478 p=88449 u=root n=ansible | [WARNING]: provided hosts list is empty, only localhost is available. Note that the implicit localhost does not match 'all'

2023-07-09 19:16:10,662 p=88449 u=root n=ansible | ERROR! Syntax Error while loading YAML.
  did not find expected key

The error appears to be in '/root/ansible-aws/provision-stack/set_host_ip_map.yml': line 11, column 24, but may
be elsewhere in the file depending on the exact syntax problem.

The offending line appears to be:

        block:
          {{web01_ip}} web01
                       ^ here
We could be wrong, but this one looks like it might be an issue with
missing quotes. Always quote template expression brackets when they
start a value. For instance:

    with_items:
      - {{ foo }}

Should be written as:

    with_items:
      - "{{ foo }}"

2023-07-09 19:17:06,493 p=88461 u=root n=ansible | [WARNING]:  * Failed to parse /root/ansible-aws/provision-stack/inventory-vpro with yaml plugin: YAML inventory has invalid structure, it should be a dictionary, got: <class
'ansible.parsing.yaml.objects.AnsibleUnicode'>

2023-07-09 19:17:06,493 p=88461 u=root n=ansible | [WARNING]:  * Failed to parse /root/ansible-aws/provision-stack/inventory-vpro with ini plugin: /root/ansible-aws/provision-stack/inventory-vpro:2: Expected key=value host variable assignment,
got: app01

2023-07-09 19:17:06,494 p=88461 u=root n=ansible | [WARNING]: Unable to parse /root/ansible-aws/provision-stack/inventory-vpro as an inventory source

2023-07-09 19:17:06,494 p=88461 u=root n=ansible | [WARNING]: No inventory was parsed, only implicit localhost is available

2023-07-09 19:17:06,494 p=88461 u=root n=ansible | [WARNING]: provided hosts list is empty, only localhost is available. Note that the implicit localhost does not match 'all'

2023-07-09 19:17:06,751 p=88461 u=root n=ansible | PLAY [Set host ip mapping in /etc/hosts file of all the instances in the stack] ******************************************************************************************************************
2023-07-09 19:17:06,753 p=88461 u=root n=ansible | skipping: no hosts matched
2023-07-09 19:17:06,753 p=88461 u=root n=ansible | PLAY RECAP ***************************************************************************************************************************************************************************************
2023-07-09 19:24:05,629 p=88598 u=root n=ansible | [WARNING]:  * Failed to parse /root/ansible-aws/provision-stack/inventory-vpro with yaml plugin: YAML inventory has invalid structure, it should be a dictionary, got: <class
'ansible.parsing.yaml.objects.AnsibleUnicode'>

2023-07-09 19:24:05,629 p=88598 u=root n=ansible | [WARNING]:  * Failed to parse /root/ansible-aws/provision-stack/inventory-vpro with ini plugin: /root/ansible-aws/provision-stack/inventory-vpro:2: Expected key=value host variable assignment,
got: app01

2023-07-09 19:24:05,630 p=88598 u=root n=ansible | [WARNING]: Unable to parse /root/ansible-aws/provision-stack/inventory-vpro as an inventory source

2023-07-09 19:24:05,630 p=88598 u=root n=ansible | [WARNING]: No inventory was parsed, only implicit localhost is available

2023-07-09 19:24:05,630 p=88598 u=root n=ansible | [WARNING]: provided hosts list is empty, only localhost is available. Note that the implicit localhost does not match 'all'

2023-07-09 19:24:05,631 p=88598 u=root n=ansible | [WARNING]: Could not match supplied host pattern, ignoring: set_host_ip_map.yml

2023-07-09 19:24:05,637 p=88598 u=root n=ansible | ERROR! No argument passed to command module (did you mean to run ansible-playbook?)
2023-07-09 19:24:23,817 p=88600 u=root n=ansible | [WARNING]:  * Failed to parse /root/ansible-aws/provision-stack/inventory-vpro with yaml plugin: YAML inventory has invalid structure, it should be a dictionary, got: <class
'ansible.parsing.yaml.objects.AnsibleUnicode'>

2023-07-09 19:24:23,817 p=88600 u=root n=ansible | [WARNING]:  * Failed to parse /root/ansible-aws/provision-stack/inventory-vpro with ini plugin: /root/ansible-aws/provision-stack/inventory-vpro:2: Expected key=value host variable assignment,
got: app01

2023-07-09 19:24:23,818 p=88600 u=root n=ansible | [WARNING]: Unable to parse /root/ansible-aws/provision-stack/inventory-vpro as an inventory source

2023-07-09 19:24:23,818 p=88600 u=root n=ansible | [WARNING]: No inventory was parsed, only implicit localhost is available

2023-07-09 19:24:23,819 p=88600 u=root n=ansible | [WARNING]: provided hosts list is empty, only localhost is available. Note that the implicit localhost does not match 'all'

2023-07-09 19:24:24,069 p=88600 u=root n=ansible | PLAY [Set host ip mapping in /etc/hosts file of all the instances in the stack] ******************************************************************************************************************
2023-07-09 19:24:24,070 p=88600 u=root n=ansible | skipping: no hosts matched
2023-07-09 19:24:24,070 p=88600 u=root n=ansible | PLAY RECAP ***************************************************************************************************************************************************************************************
2023-07-09 19:28:43,023 p=88615 u=root n=ansible | [WARNING]:  * Failed to parse /root/ansible-aws/provision-stack/inventory-vpro with yaml plugin: YAML inventory has invalid structure, it should be a dictionary, got: <class
'ansible.parsing.yaml.objects.AnsibleUnicode'>

2023-07-09 19:28:43,024 p=88615 u=root n=ansible | [WARNING]:  * Failed to parse /root/ansible-aws/provision-stack/inventory-vpro with ini plugin: /root/ansible-aws/provision-stack/inventory-vpro:2: Expected key=value host variable assignment,
got: app01

2023-07-09 19:28:43,024 p=88615 u=root n=ansible | [WARNING]: Unable to parse /root/ansible-aws/provision-stack/inventory-vpro as an inventory source

2023-07-09 19:28:43,024 p=88615 u=root n=ansible | [WARNING]: No inventory was parsed, only implicit localhost is available

2023-07-09 19:28:43,025 p=88615 u=root n=ansible | [WARNING]: provided hosts list is empty, only localhost is available. Note that the implicit localhost does not match 'all'

2023-07-09 19:28:43,276 p=88615 u=root n=ansible | [WARNING]: Could not match supplied host pattern, ignoring: localserver

2023-07-09 19:28:43,277 p=88615 u=root n=ansible | PLAY [Set host ip mapping in /etc/hosts file of all the instances in the stack] ******************************************************************************************************************
2023-07-09 19:28:43,277 p=88615 u=root n=ansible | skipping: no hosts matched
2023-07-09 19:28:43,277 p=88615 u=root n=ansible | PLAY RECAP ***************************************************************************************************************************************************************************************
2023-07-09 19:33:33,802 p=88629 u=root n=ansible | [WARNING]:  * Failed to parse /root/ansible-aws/provision-stack/inventory-vpro with yaml plugin: YAML inventory has invalid structure, it should be a dictionary, got: <class
'ansible.parsing.yaml.objects.AnsibleUnicode'>

2023-07-09 19:33:33,802 p=88629 u=root n=ansible | [WARNING]:  * Failed to parse /root/ansible-aws/provision-stack/inventory-vpro with ini plugin: invalid literal for int() with base 10: 'stack_inst'

2023-07-09 19:33:33,802 p=88629 u=root n=ansible | [WARNING]: Unable to parse /root/ansible-aws/provision-stack/inventory-vpro as an inventory source

2023-07-09 19:33:33,803 p=88629 u=root n=ansible | [WARNING]: No inventory was parsed, only implicit localhost is available

2023-07-09 19:33:34,056 p=88629 u=root n=ansible | [WARNING]: Could not match supplied host pattern, ignoring: localserver

2023-07-09 19:33:34,057 p=88629 u=root n=ansible | PLAY [Set host ip mapping in /etc/hosts file of all the instances in the stack] ******************************************************************************************************************
2023-07-09 19:33:34,057 p=88629 u=root n=ansible | skipping: no hosts matched
2023-07-09 19:33:34,057 p=88629 u=root n=ansible | PLAY RECAP ***************************************************************************************************************************************************************************************
2023-07-09 19:37:50,182 p=88642 u=root n=ansible | [WARNING]:  * Failed to parse /root/ansible-aws/provision-stack/inventory-vpro with yaml plugin: YAML inventory has invalid structure, it should be a dictionary, got: <class
'ansible.parsing.yaml.objects.AnsibleUnicode'>

2023-07-09 19:37:50,182 p=88642 u=root n=ansible | [WARNING]:  * Failed to parse /root/ansible-aws/provision-stack/inventory-vpro with ini plugin: /root/ansible-aws/provision-stack/inventory-vpro:28: Section [stack_inst:children] includes
undefined group: websrvgrp

2023-07-09 19:37:50,182 p=88642 u=root n=ansible | [WARNING]: Unable to parse /root/ansible-aws/provision-stack/inventory-vpro as an inventory source

2023-07-09 19:37:50,183 p=88642 u=root n=ansible | [WARNING]: No inventory was parsed, only implicit localhost is available

2023-07-09 19:37:50,437 p=88642 u=root n=ansible | [WARNING]: Could not match supplied host pattern, ignoring: localserver

2023-07-09 19:37:50,438 p=88642 u=root n=ansible | PLAY [Set host ip mapping in /etc/hosts file of all the instances in the stack] ******************************************************************************************************************
2023-07-09 19:37:50,438 p=88642 u=root n=ansible | skipping: no hosts matched
2023-07-09 19:37:50,439 p=88642 u=root n=ansible | PLAY RECAP ***************************************************************************************************************************************************************************************
2023-07-09 19:43:08,810 p=88653 u=root n=ansible | [WARNING]: Could not match supplied host pattern, ignoring: localserver

2023-07-09 19:43:08,811 p=88653 u=root n=ansible | PLAY [Set host ip mapping in /etc/hosts file of all the instances in the stack] ******************************************************************************************************************
2023-07-09 19:43:08,811 p=88653 u=root n=ansible | skipping: no hosts matched
2023-07-09 19:43:08,811 p=88653 u=root n=ansible | PLAY RECAP ***************************************************************************************************************************************************************************************
2023-07-09 19:44:09,899 p=88661 u=root n=ansible | PLAY [Set host ip mapping in /etc/hosts file of all the instances in the stack] ******************************************************************************************************************
2023-07-09 19:44:09,914 p=88661 u=root n=ansible | TASK [Gathering Facts] ***************************************************************************************************************************************************************************
2023-07-09 19:44:11,821 p=88661 u=root n=ansible | ok: [cntl]
2023-07-09 19:44:56,072 p=88661 u=root n=ansible | fatal: [web01]: UNREACHABLE! => {"changed": false, "msg": "Failed to connect to the host via ssh: ssh: connect to host 172.20.4.82 port 22: Connection timed out", "unreachable": true}
2023-07-09 19:44:56,078 p=88661 u=root n=ansible | fatal: [app01]: UNREACHABLE! => {"changed": false, "msg": "Failed to connect to the host via ssh: ssh: connect to host 172.20.4.222 port 22: Connection timed out", "unreachable": true}
2023-07-09 19:44:56,128 p=88661 u=root n=ansible | fatal: [rmq01]: UNREACHABLE! => {"changed": false, "msg": "Failed to connect to the host via ssh: ssh: connect to host 172.20.4.143 port 22: Connection timed out", "unreachable": true}
2023-07-09 19:44:56,161 p=88661 u=root n=ansible | fatal: [mc01]: UNREACHABLE! => {"changed": false, "msg": "Failed to connect to the host via ssh: ssh: connect to host 172.20.4.173 port 22: Connection timed out", "unreachable": true}
2023-07-09 19:44:57,905 p=88661 u=root n=ansible | fatal: [db01]: UNREACHABLE! => {"changed": false, "msg": "Failed to connect to the host via ssh: ssh: connect to host 172.20.4.109 port 22: Connection timed out", "unreachable": true}
2023-07-09 19:44:57,920 p=88661 u=root n=ansible | TASK [Import VPC setup Variable] *****************************************************************************************************************************************************************
2023-07-09 19:44:57,940 p=88661 u=root n=ansible | ok: [cntl]
2023-07-09 19:44:57,949 p=88661 u=root n=ansible | TASK [Update hosts file for all the hosts] *******************************************************************************************************************************************************
2023-07-09 19:44:58,356 p=88661 u=root n=ansible | changed: [cntl]
2023-07-09 19:44:58,360 p=88661 u=root n=ansible | PLAY RECAP ***************************************************************************************************************************************************************************************
2023-07-09 19:44:58,360 p=88661 u=root n=ansible | app01                      : ok=0    changed=0    unreachable=1    failed=0    skipped=0    rescued=0    ignored=0   
2023-07-09 19:44:58,360 p=88661 u=root n=ansible | cntl                       : ok=3    changed=1    unreachable=0    failed=0    skipped=0    rescued=0    ignored=0   
2023-07-09 19:44:58,361 p=88661 u=root n=ansible | db01                       : ok=0    changed=0    unreachable=1    failed=0    skipped=0    rescued=0    ignored=0   
2023-07-09 19:44:58,361 p=88661 u=root n=ansible | mc01                       : ok=0    changed=0    unreachable=1    failed=0    skipped=0    rescued=0    ignored=0   
2023-07-09 19:44:58,361 p=88661 u=root n=ansible | rmq01                      : ok=0    changed=0    unreachable=1    failed=0    skipped=0    rescued=0    ignored=0   
2023-07-09 19:44:58,362 p=88661 u=root n=ansible | web01                      : ok=0    changed=0    unreachable=1    failed=0    skipped=0    rescued=0    ignored=0   
2023-07-09 19:48:43,388 p=88812 u=root n=ansible | PLAY [Set host ip mapping in /etc/hosts file of all the instances in the stack] ******************************************************************************************************************
2023-07-09 19:48:43,402 p=88812 u=root n=ansible | TASK [Gathering Facts] ***************************************************************************************************************************************************************************
2023-07-09 19:48:44,957 p=88812 u=root n=ansible | ok: [cntl]
2023-07-09 19:49:29,557 p=88812 u=root n=ansible | fatal: [web01]: UNREACHABLE! => {"changed": false, "msg": "Failed to connect to the host via ssh: ssh: connect to host 172.20.4.82 port 22: Connection timed out", "unreachable": true}
2023-07-09 19:49:29,572 p=88812 u=root n=ansible | fatal: [app01]: UNREACHABLE! => {"changed": false, "msg": "Failed to connect to the host via ssh: ssh: connect to host 172.20.4.222 port 22: Connection timed out", "unreachable": true}
2023-07-09 19:49:29,612 p=88812 u=root n=ansible | fatal: [rmq01]: UNREACHABLE! => {"changed": false, "msg": "Failed to connect to the host via ssh: ssh: connect to host 172.20.4.143 port 22: Connection timed out", "unreachable": true}
2023-07-09 19:49:29,628 p=88812 u=root n=ansible | fatal: [mc01]: UNREACHABLE! => {"changed": false, "msg": "Failed to connect to the host via ssh: ssh: connect to host 172.20.4.173 port 22: Connection timed out", "unreachable": true}
2023-07-09 19:49:31,037 p=88812 u=root n=ansible | fatal: [db01]: UNREACHABLE! => {"changed": false, "msg": "Failed to connect to the host via ssh: ssh: connect to host 172.20.4.109 port 22: Connection timed out", "unreachable": true}
2023-07-09 19:49:31,049 p=88812 u=root n=ansible | TASK [Import VPC setup Variable] *****************************************************************************************************************************************************************
2023-07-09 19:49:31,069 p=88812 u=root n=ansible | ok: [cntl]
2023-07-09 19:49:31,080 p=88812 u=root n=ansible | TASK [Update hosts file for all the hosts] *******************************************************************************************************************************************************
2023-07-09 19:49:31,485 p=88812 u=root n=ansible | ok: [cntl]
2023-07-09 19:49:31,490 p=88812 u=root n=ansible | PLAY RECAP ***************************************************************************************************************************************************************************************
2023-07-09 19:49:31,490 p=88812 u=root n=ansible | app01                      : ok=0    changed=0    unreachable=1    failed=0    skipped=0    rescued=0    ignored=0   
2023-07-09 19:49:31,491 p=88812 u=root n=ansible | cntl                       : ok=3    changed=0    unreachable=0    failed=0    skipped=0    rescued=0    ignored=0   
2023-07-09 19:49:31,491 p=88812 u=root n=ansible | db01                       : ok=0    changed=0    unreachable=1    failed=0    skipped=0    rescued=0    ignored=0   
2023-07-09 19:49:31,491 p=88812 u=root n=ansible | mc01                       : ok=0    changed=0    unreachable=1    failed=0    skipped=0    rescued=0    ignored=0   
2023-07-09 19:49:31,492 p=88812 u=root n=ansible | rmq01                      : ok=0    changed=0    unreachable=1    failed=0    skipped=0    rescued=0    ignored=0   
2023-07-09 19:49:31,492 p=88812 u=root n=ansible | web01                      : ok=0    changed=0    unreachable=1    failed=0    skipped=0    rescued=0    ignored=0   
2023-07-09 20:12:53,315 p=89022 u=root n=ansible | PLAY [Set host ip mapping in /etc/hosts file of all the instances in the stack] ******************************************************************************************************************
2023-07-09 20:12:53,329 p=89022 u=root n=ansible | TASK [Gathering Facts] ***************************************************************************************************************************************************************************
2023-07-09 20:12:54,930 p=89022 u=root n=ansible | ok: [cntl]
2023-07-09 20:13:39,481 p=89022 u=root n=ansible | fatal: [web01]: UNREACHABLE! => {"changed": false, "msg": "Failed to connect to the host via ssh: ssh: connect to host 172.20.4.82 port 22: Connection timed out", "unreachable": true}
2023-07-09 20:13:39,493 p=89022 u=root n=ansible | fatal: [app01]: UNREACHABLE! => {"changed": false, "msg": "Failed to connect to the host via ssh: ssh: connect to host 172.20.4.222 port 22: Connection timed out", "unreachable": true}
2023-07-09 20:13:39,536 p=89022 u=root n=ansible | fatal: [rmq01]: UNREACHABLE! => {"changed": false, "msg": "Failed to connect to the host via ssh: ssh: connect to host 172.20.4.143 port 22: Connection timed out", "unreachable": true}
2023-07-09 20:13:39,552 p=89022 u=root n=ansible | fatal: [mc01]: UNREACHABLE! => {"changed": false, "msg": "Failed to connect to the host via ssh: ssh: connect to host 172.20.4.173 port 22: Connection timed out", "unreachable": true}
2023-07-09 20:13:41,012 p=89022 u=root n=ansible | fatal: [db01]: UNREACHABLE! => {"changed": false, "msg": "Failed to connect to the host via ssh: ssh: connect to host 172.20.4.109 port 22: Connection timed out", "unreachable": true}
2023-07-09 20:13:41,025 p=89022 u=root n=ansible | TASK [Import VPC setup Variable] *****************************************************************************************************************************************************************
2023-07-09 20:13:41,045 p=89022 u=root n=ansible | ok: [cntl]
2023-07-09 20:13:41,055 p=89022 u=root n=ansible | TASK [Update hosts file for all the hosts] *******************************************************************************************************************************************************
2023-07-09 20:13:41,457 p=89022 u=root n=ansible | ok: [cntl]
2023-07-09 20:13:41,461 p=89022 u=root n=ansible | PLAY RECAP ***************************************************************************************************************************************************************************************
2023-07-09 20:13:41,461 p=89022 u=root n=ansible | app01                      : ok=0    changed=0    unreachable=1    failed=0    skipped=0    rescued=0    ignored=0   
2023-07-09 20:13:41,461 p=89022 u=root n=ansible | cntl                       : ok=3    changed=0    unreachable=0    failed=0    skipped=0    rescued=0    ignored=0   
2023-07-09 20:13:41,462 p=89022 u=root n=ansible | db01                       : ok=0    changed=0    unreachable=1    failed=0    skipped=0    rescued=0    ignored=0   
2023-07-09 20:13:41,462 p=89022 u=root n=ansible | mc01                       : ok=0    changed=0    unreachable=1    failed=0    skipped=0    rescued=0    ignored=0   
2023-07-09 20:13:41,462 p=89022 u=root n=ansible | rmq01                      : ok=0    changed=0    unreachable=1    failed=0    skipped=0    rescued=0    ignored=0   
2023-07-09 20:13:41,462 p=89022 u=root n=ansible | web01                      : ok=0    changed=0    unreachable=1    failed=0    skipped=0    rescued=0    ignored=0   
2023-07-09 20:23:14,106 p=89268 u=root n=ansible | PLAY [Set host ip mapping in /etc/hosts file of all the instances in the stack] ******************************************************************************************************************
2023-07-09 20:23:14,122 p=89268 u=root n=ansible | TASK [Gathering Facts] ***************************************************************************************************************************************************************************
2023-07-09 20:23:15,710 p=89268 u=root n=ansible | ok: [cntl]
2023-07-09 20:24:00,268 p=89268 u=root n=ansible | fatal: [web01]: UNREACHABLE! => {"changed": false, "msg": "Failed to connect to the host via ssh: ssh: connect to host 172.20.4.82 port 22: Connection timed out", "unreachable": true}
2023-07-09 20:24:00,297 p=89268 u=root n=ansible | fatal: [app01]: UNREACHABLE! => {"changed": false, "msg": "Failed to connect to the host via ssh: ssh: connect to host 172.20.4.222 port 22: Connection timed out", "unreachable": true}
2023-07-09 20:24:00,333 p=89268 u=root n=ansible | fatal: [rmq01]: UNREACHABLE! => {"changed": false, "msg": "Failed to connect to the host via ssh: ssh: connect to host 172.20.4.143 port 22: Connection timed out", "unreachable": true}
2023-07-09 20:24:00,356 p=89268 u=root n=ansible | fatal: [mc01]: UNREACHABLE! => {"changed": false, "msg": "Failed to connect to the host via ssh: ssh: connect to host 172.20.4.173 port 22: Connection timed out", "unreachable": true}
2023-07-09 20:24:01,793 p=89268 u=root n=ansible | fatal: [db01]: UNREACHABLE! => {"changed": false, "msg": "Failed to connect to the host via ssh: ssh: connect to host 172.20.4.109 port 22: Connection timed out", "unreachable": true}
2023-07-09 20:24:01,805 p=89268 u=root n=ansible | TASK [Import VPC setup Variable] *****************************************************************************************************************************************************************
2023-07-09 20:24:01,825 p=89268 u=root n=ansible | ok: [cntl]
2023-07-09 20:24:01,835 p=89268 u=root n=ansible | TASK [Update hosts file for all the hosts] *******************************************************************************************************************************************************
2023-07-09 20:24:02,242 p=89268 u=root n=ansible | ok: [cntl]
2023-07-09 20:24:02,247 p=89268 u=root n=ansible | PLAY RECAP ***************************************************************************************************************************************************************************************
2023-07-09 20:24:02,247 p=89268 u=root n=ansible | app01                      : ok=0    changed=0    unreachable=1    failed=0    skipped=0    rescued=0    ignored=0   
2023-07-09 20:24:02,247 p=89268 u=root n=ansible | cntl                       : ok=3    changed=0    unreachable=0    failed=0    skipped=0    rescued=0    ignored=0   
2023-07-09 20:24:02,248 p=89268 u=root n=ansible | db01                       : ok=0    changed=0    unreachable=1    failed=0    skipped=0    rescued=0    ignored=0   
2023-07-09 20:24:02,248 p=89268 u=root n=ansible | mc01                       : ok=0    changed=0    unreachable=1    failed=0    skipped=0    rescued=0    ignored=0   
2023-07-09 20:24:02,248 p=89268 u=root n=ansible | rmq01                      : ok=0    changed=0    unreachable=1    failed=0    skipped=0    rescued=0    ignored=0   
2023-07-09 20:24:02,248 p=89268 u=root n=ansible | web01                      : ok=0    changed=0    unreachable=1    failed=0    skipped=0    rescued=0    ignored=0   
2023-07-09 20:25:11,356 p=89441 u=root n=ansible | PLAY [Set host ip mapping in /etc/hosts file of all the instances in the stack] ******************************************************************************************************************
2023-07-09 20:25:11,370 p=89441 u=root n=ansible | TASK [Gathering Facts] ***************************************************************************************************************************************************************************
2023-07-09 20:25:12,914 p=89441 u=root n=ansible | ok: [cntl]
2023-07-09 20:25:57,521 p=89441 u=root n=ansible | fatal: [web01]: UNREACHABLE! => {"changed": false, "msg": "Failed to connect to the host via ssh: ssh: connect to host 172.20.4.82 port 22: Connection timed out", "unreachable": true}
2023-07-09 20:25:57,541 p=89441 u=root n=ansible | fatal: [app01]: UNREACHABLE! => {"changed": false, "msg": "Failed to connect to the host via ssh: ssh: connect to host 172.20.4.222 port 22: Connection timed out", "unreachable": true}
2023-07-09 20:25:57,573 p=89441 u=root n=ansible | fatal: [rmq01]: UNREACHABLE! => {"changed": false, "msg": "Failed to connect to the host via ssh: ssh: connect to host 172.20.4.143 port 22: Connection timed out", "unreachable": true}
2023-07-09 20:25:57,596 p=89441 u=root n=ansible | fatal: [mc01]: UNREACHABLE! => {"changed": false, "msg": "Failed to connect to the host via ssh: ssh: connect to host 172.20.4.173 port 22: Connection timed out", "unreachable": true}
2023-07-09 20:25:58,993 p=89441 u=root n=ansible | fatal: [db01]: UNREACHABLE! => {"changed": false, "msg": "Failed to connect to the host via ssh: ssh: connect to host 172.20.4.109 port 22: Connection timed out", "unreachable": true}
2023-07-09 20:25:59,006 p=89441 u=root n=ansible | TASK [Import VPC setup Variable] *****************************************************************************************************************************************************************
2023-07-09 20:25:59,026 p=89441 u=root n=ansible | ok: [cntl]
2023-07-09 20:25:59,036 p=89441 u=root n=ansible | TASK [Update hosts file for all the hosts] *******************************************************************************************************************************************************
2023-07-09 20:25:59,439 p=89441 u=root n=ansible | ok: [cntl]
2023-07-09 20:25:59,443 p=89441 u=root n=ansible | PLAY RECAP ***************************************************************************************************************************************************************************************
2023-07-09 20:25:59,444 p=89441 u=root n=ansible | app01                      : ok=0    changed=0    unreachable=1    failed=0    skipped=0    rescued=0    ignored=0   
2023-07-09 20:25:59,444 p=89441 u=root n=ansible | cntl                       : ok=3    changed=0    unreachable=0    failed=0    skipped=0    rescued=0    ignored=0   
2023-07-09 20:25:59,444 p=89441 u=root n=ansible | db01                       : ok=0    changed=0    unreachable=1    failed=0    skipped=0    rescued=0    ignored=0   
2023-07-09 20:25:59,445 p=89441 u=root n=ansible | mc01                       : ok=0    changed=0    unreachable=1    failed=0    skipped=0    rescued=0    ignored=0   
2023-07-09 20:25:59,445 p=89441 u=root n=ansible | rmq01                      : ok=0    changed=0    unreachable=1    failed=0    skipped=0    rescued=0    ignored=0   
2023-07-09 20:25:59,445 p=89441 u=root n=ansible | web01                      : ok=0    changed=0    unreachable=1    failed=0    skipped=0    rescued=0    ignored=0   
